  Entity.cpp
  Script.cpp
  Transform.cpp
  Main.cpp
  D3D12Core.cpp
  D3D12Interface.cpp
  D3D12Resources.cpp
  D3D12Surface.cpp
  Render.cpp
  Platform.cpp
E:\ChillEngine\Engine\Graphics\Direct3D12\D3D12Resources.cpp(1,1): warning C4819: The file contains a character that cannot be represented in the current code page (936). Save the file in Unicode format to prevent data loss
E:\ChillEngine\Engine\Components\Script.cpp(84,46): warning C4267: 'argument': conversion from 'size_t' to 'ChillEngine::id::id_type', possible loss of data
E:\ChillEngine\Engine\Platform\Platform.cpp(117,68): warning C4244: 'argument': conversion from 'const s32' to 'int', possible loss of data
E:\ChillEngine\Engine\Platform\Platform.cpp(117,61): warning C4244: 'argument': conversion from 'const s32' to 'int', possible loss of data
E:\ChillEngine\Engine\Platform\Platform.cpp(232,41): warning C4244: '=': conversion from 's32' to 'LONG', possible loss of data
E:\ChillEngine\Engine\Platform\Platform.cpp(233,42): warning C4244: '=': conversion from 's32' to 'LONG', possible loss of data
E:\ChillEngine\Engine\Platform\Platform.cpp(254,16): warning C4244: 'argument': conversion from 'const s32' to 'int', possible loss of data
E:\ChillEngine\Engine\Platform\Platform.cpp(254,9): warning C4244: 'argument': conversion from 'const s32' to 'int', possible loss of data
E:\ChillEngine\Engine\Platform\Platform.cpp(253,15): warning C4244: 'argument': conversion from 'const s32' to 'int', possible loss of data
E:\ChillEngine\Engine\Platform\Platform.cpp(253,9): warning C4244: 'argument': conversion from 'const s32' to 'int', possible loss of data
E:\ChillEngine\Engine\Graphics\Direct3D12\D3D12Resources.cpp(104,60): warning C4244: 'initializing': conversion from 'SIZE_T' to 'u32', possible loss of data
E:\ChillEngine\Engine\Graphics\Direct3D12\D3D12Resources.cpp(104,25): warning C4244: 'initializing': conversion from 'SIZE_T' to 'const u32', possible loss of data
  Engine.vcxproj -> E:\ChillEngine\x64\Debug\Engine.lib
